    1  sudo apt-get update
    2  sudo apt-get install git build-essential gdb-multiarch qemu-system-misc gcc-riscv64-linux-gnu binutils-riscv64-linux-gnu
    3  git clone git://g.csail.mit.edu/xv6-labs-2023
    4  riscv64-linux-gnu-gcc --version
    5  cd ~/xv6-labs-2023
    6  nano user/sleep.c
    7  nano makeFile
    8  nano Makefile
    9  make clean 
   10  make qemu
   11  nano user/sleep.c
   12  make clean 
   13  make qemu
   14  history > worksheet1.log
   15  head worksheet1.log
   16  cp worksheet1.log ~/cs149/WS_bonus/
   17  cd ~
   18  git clone https://github.com/yareva/cs149.git
   19  cd cs149
   20  ls
   21  mkdir WS_bonus
   22  cd ~/cs149/WS_bonus
   23  cd ~
   24  cd ~/xv6-labs-2023
   25  cp worksheet1.log ~/cs149/WS_bonus/
   26  cp user/sleep.c ~/cs149/WS_bonus/
   27  cd ~/cs149/WS_bonus
   28  ls
   29  wget -O out.pdf https://tinyurl.com/yy94jltt
   30  history > cmds.log
