    1  cd ~/cs149
    2  ls
    3  cd ~/xv6-labs-2023
    4  ls
    5  git config --global user.email
    6  git config --global user.name
    7  git config --global user.email "yanin.arevalos@sjsu.edu"
    8  git config --global user.name "Yanin Arevalos"
    9  cd ~/cs149
   10  git status
   11  git commit -m "WS_bonus files"
   12  git push -u origin main
   13  cd ~/xv6-labs-2023
   14  make qemu
   15  ./grade-lab-util sleep
   16  history > cd ~/xv6-labs-2023
   17  history > worksheet1.log
   18  head worksheet1.log
   19  cp worksheet1.log ~/cs149/WS_bonus
   20  cd ~/cs149/WS_bonus
   21  git add worksheet1.log
   22  git commit -m "Final submission with all test results"
   23  git push origin main
   24  cd ~/xv6-labs-2023
   25  history > worksheet1.log
